Using pre-set license
Built from '2020.3/staging' branch; Version is '2020.3.6f1 (338bb68529b2) revision 3378102'; Using compiler version '192528614'; Build Type 'Release'
OS: 'Windows 10 Pro; OS build 19042.928; Version 2009; 64bit' Language: 'en' Physical Memory: 16318 MB
BatchMode: 1, IsHumanControllingUs: 0, StartBugReporterOnCrash: 0, Is64bit: 1, IsPro: 0

 COMMAND LINE ARGUMENTS:
C:\Program Files\Unity\Hub\Editor\2020.3.6f1\Editor\Unity.exe
-adb2
-batchMode
-noUpm
-name
AssetImportWorker0
-projectPath
C:/Users/nguye/CMPE-195-2D-Platformer/2D Platformer
-logFile
Logs/AssetImportWorker0.log
-srvPort
64321
Successfully changed project path to: C:/Users/nguye/CMPE-195-2D-Platformer/2D Platformer
C:/Users/nguye/CMPE-195-2D-Platformer/2D Platformer
Using Asset Import Pipeline V2.
Refreshing native plugins compatible for Editor in 67.37 ms, found 1 plugins.
Preloading 0 native plugins for Editor in 0.00 ms.
Initialize engine version: 2020.3.6f1 (338bb68529b2)
[Subsystems] Discovering subsystems at path C:/Program Files/Unity/Hub/Editor/2020.3.6f1/Editor/Data/Resources/UnitySubsystems
[Subsystems] Discovering subsystems at path C:/Users/nguye/CMPE-195-2D-Platformer/2D Platformer/Assets
GfxDevice: creating device client; threaded=0
Direct3D:
    Version:  Direct3D 11.0 [level 11.1]
    Renderer: AMD Radeon RX 5700 XT (ID=0x731f)
    Vendor:   
    VRAM:     8151 MB
    Driver:   27.20.15003.1004
Initialize mono
Mono path[0] = 'C:/Program Files/Unity/Hub/Editor/2020.3.6f1/Editor/Data/Managed'
Mono path[1] = 'C:/Program Files/Unity/Hub/Editor/2020.3.6f1/Editor/Data/MonoBleedingEdge/lib/mono/unityjit'
Mono config path = 'C:/Program Files/Unity/Hub/Editor/2020.3.6f1/Editor/Data/MonoBleedingEdge/etc'
Using monoOptions --debugger-agent=transport=dt_socket,embedding=1,server=y,suspend=n,address=127.0.0.1:56764
Begin MonoManager ReloadAssembly
Registering precompiled unity dll's ...
Register platform support module: C:/Program Files/Unity/Hub/Editor/2020.3.6f1/Editor/Data/PlaybackEngines/WebGLSupport/UnityEditor.WebGL.Extensions.dll
Register platform support module: C:/Program Files/Unity/Hub/Editor/2020.3.6f1/Editor/Data/PlaybackEngines/WindowsStandaloneSupport/UnityEditor.WindowsStandalone.Extensions.dll
Registered in 0.002207 seconds.
Native extension for WindowsStandalone target not found
Native extension for WebGL target not found
Refreshing native plugins compatible for Editor in 53.01 ms, found 1 plugins.
Preloading 0 native plugins for Editor in 0.00 ms.
Mono: successfully reloaded assembly
- Completed reload, in  1.158 seconds
Platform modules already initialized, skipping
Registering precompiled user dll's ...
Registered in 0.001615 seconds.
Begin MonoManager ReloadAssembly
Native extension for WindowsStandalone target not found
Native extension for WebGL target not found
Refreshing native plugins compatible for Editor in 66.71 ms, found 1 plugins.
Preloading 0 native plugins for Editor in 0.00 ms.
Mono: successfully reloaded assembly
- Completed reload, in  1.112 seconds
Platform modules already initialized, skipping
========================================================================
Worker process is ready to serve import requests
Launched and connected shader compiler UnityShaderCompiler.exe after 0.05 seconds
Refreshing native plugins compatible for Editor in 0.94 ms, found 1 plugins.
Preloading 0 native plugins for Editor in 0.00 ms.
Unloading 1883 Unused Serialized files (Serialized files now loaded: 0)
System memory in use before: 90.8 MB.
System memory in use after: 90.2 MB.

Unloading 36 unused Assets to reduce memory usage. Loaded Objects now: 2312.
Total: 2.450600 ms (FindLiveObjects: 0.283300 ms CreateObjectMapping: 0.126100 ms MarkObjects: 1.694000 ms  DeleteObjects: 0.345900 ms)

========================================================================
Received Import Request.
  path: Assets/Sounds/RougeKnightAttack2.mp3
  artifactKey: Guid(da3edabfedb5a324daa827627de25e2a) Importer(815301076,1909f56bfc062723c751e8b465ee728b)
Start importing Assets/Sounds/RougeKnightAttack2.mp3 using Guid(da3edabfedb5a324daa827627de25e2a) Importer(815301076,1909f56bfc062723c751e8b465ee728b)  -> (artifact id: '2e5f0ed46db4554e13b2cfd3e2bc938c') in 0.138181 seconds
  Import took 0.140967 seconds .

========================================================================
Received Import Request.
  Time since last request: 0.000391 seconds.
  path: Assets/Sounds/RougeKnightAttack3.mp3
  artifactKey: Guid(c5c499e0562a4fe4aa2fa1c4b80eeedb) Importer(815301076,1909f56bfc062723c751e8b465ee728b)
Start importing Assets/Sounds/RougeKnightAttack3.mp3 using Guid(c5c499e0562a4fe4aa2fa1c4b80eeedb) Importer(815301076,1909f56bfc062723c751e8b465ee728b)  -> (artifact id: 'e3dd7042d42bf966dbe5484a4706ce72') in 0.019530 seconds
  Import took 0.023076 seconds .

========================================================================
Received Import Request.
  Time since last request: 0.000658 seconds.
  path: Assets/Sounds/SlimeRun3.mp3
  artifactKey: Guid(829a574bb4ee7064fa73be8e2a9e966c) Importer(815301076,1909f56bfc062723c751e8b465ee728b)
Start importing Assets/Sounds/SlimeRun3.mp3 using Guid(829a574bb4ee7064fa73be8e2a9e966c) Importer(815301076,1909f56bfc062723c751e8b465ee728b)  -> (artifact id: '347c7a7e3e91b100bce8aa40a2c14908') in 0.016904 seconds
  Import took 0.022617 seconds .

========================================================================
Received Import Request.
  Time since last request: 0.000189 seconds.
  path: Assets/Sounds/HeartPickupSound.mp3
  artifactKey: Guid(321acc172c70b4248bf131d050c99790) Importer(815301076,1909f56bfc062723c751e8b465ee728b)
Start importing Assets/Sounds/HeartPickupSound.mp3 using Guid(321acc172c70b4248bf131d050c99790) Importer(815301076,1909f56bfc062723c751e8b465ee728b)  -> (artifact id: 'bcc4d26e271e57d42879500af16a1aa8') in 0.021809 seconds
  Import took 0.026145 seconds .

========================================================================
Received Import Request.
  Time since last request: 0.000156 seconds.
  path: Assets/Sounds/EvilWizardPhase1.mp3
  artifactKey: Guid(f2a418b0fd017544b825185ce20b1e45) Importer(815301076,1909f56bfc062723c751e8b465ee728b)
Start importing Assets/Sounds/EvilWizardPhase1.mp3 using Guid(f2a418b0fd017544b825185ce20b1e45) Importer(815301076,1909f56bfc062723c751e8b465ee728b)  -> (artifact id: 'ef4b638bafdde536288cbafbe578eb26') in 0.013709 seconds
  Import took 0.017270 seconds .

========================================================================
Received Import Request.
  Time since last request: 0.000149 seconds.
  path: Assets/Sounds/Character Damage Sound.mp3
  artifactKey: Guid(1d2a1b71cc18f534bbe98bc2298f0df5) Importer(815301076,1909f56bfc062723c751e8b465ee728b)
Start importing Assets/Sounds/Character Damage Sound.mp3 using Guid(1d2a1b71cc18f534bbe98bc2298f0df5) Importer(815301076,1909f56bfc062723c751e8b465ee728b)  -> (artifact id: '2090d6a445a8c94162baff4d67352770') in 0.017094 seconds
  Import took 0.020107 seconds .

========================================================================
Received Import Request.
  Time since last request: 0.000208 seconds.
  path: Assets/Sounds/SlimeRun2.mp3
  artifactKey: Guid(8e8ad8b1c02952c46946486cc89f8375) Importer(815301076,1909f56bfc062723c751e8b465ee728b)
Start importing Assets/Sounds/SlimeRun2.mp3 using Guid(8e8ad8b1c02952c46946486cc89f8375) Importer(815301076,1909f56bfc062723c751e8b465ee728b)  -> (artifact id: 'df072a92fd01e8ed25d9482f7b34216a') in 0.015816 seconds
  Import took 0.018662 seconds .

========================================================================
Received Import Request.
  Time since last request: 0.000117 seconds.
  path: Assets/Sounds/EvilWizardPhase2.mp3
  artifactKey: Guid(206841f17dea90442989e6b8037f2bf9) Importer(815301076,1909f56bfc062723c751e8b465ee728b)
Start importing Assets/Sounds/EvilWizardPhase2.mp3 using Guid(206841f17dea90442989e6b8037f2bf9) Importer(815301076,1909f56bfc062723c751e8b465ee728b)  -> (artifact id: '230b24c89ea8358d081433582f923a53') in 0.015343 seconds
  Import took 0.019083 seconds .

========================================================================
Received Import Request.
  Time since last request: 0.000156 seconds.
  path: Assets/Sounds/BlueReaperSwings.mp3
  artifactKey: Guid(bc901f1e936e48c459ebe5e19c590027) Importer(815301076,1909f56bfc062723c751e8b465ee728b)
Start importing Assets/Sounds/BlueReaperSwings.mp3 using Guid(bc901f1e936e48c459ebe5e19c590027) Importer(815301076,1909f56bfc062723c751e8b465ee728b)  -> (artifact id: '195ecb83da0416184c86c18d3bca4932') in 0.011320 seconds
  Import took 0.014010 seconds .

========================================================================
Received Import Request.
  Time since last request: 0.000142 seconds.
  path: Assets/Sounds/PortalTeleportSound.mp3
  artifactKey: Guid(f2e0c83daa0d8354eb4e49fd73cb008a) Importer(815301076,1909f56bfc062723c751e8b465ee728b)
Start importing Assets/Sounds/PortalTeleportSound.mp3 using Guid(f2e0c83daa0d8354eb4e49fd73cb008a) Importer(815301076,1909f56bfc062723c751e8b465ee728b)  -> (artifact id: '9f2b2839d430ef5808b0e91170b54903') in 0.011901 seconds
  Import took 0.014562 seconds .

========================================================================
Received Import Request.
  Time since last request: 0.000129 seconds.
  path: Assets/Sounds/GoblinStab.mp3
  artifactKey: Guid(628578a648de8ce409ea5a166d04dd39) Importer(815301076,1909f56bfc062723c751e8b465ee728b)
Start importing Assets/Sounds/GoblinStab.mp3 using Guid(628578a648de8ce409ea5a166d04dd39) Importer(815301076,1909f56bfc062723c751e8b465ee728b)  -> (artifact id: '5b4b91c994ef5b494d68511c8d4a385a') in 0.011317 seconds
  Import took 0.014970 seconds .

========================================================================
Received Import Request.
  Time since last request: 0.000173 seconds.
  path: Assets/Sounds/SlimeRun1.mp3
  artifactKey: Guid(ef5e59fd842da0841a0fd4be70572388) Importer(815301076,1909f56bfc062723c751e8b465ee728b)
Start importing Assets/Sounds/SlimeRun1.mp3 using Guid(ef5e59fd842da0841a0fd4be70572388) Importer(815301076,1909f56bfc062723c751e8b465ee728b)  -> (artifact id: '66e0b13c5897fbc1641c7498e7c25459') in 0.010337 seconds
  Import took 0.013216 seconds .

========================================================================
Received Import Request.
  Time since last request: 0.000156 seconds.
  path: Assets/Sounds/ReaperAttackSound.mp3
  artifactKey: Guid(aa28ed00af9f9c34284ac357b669222f) Importer(815301076,1909f56bfc062723c751e8b465ee728b)
Start importing Assets/Sounds/ReaperAttackSound.mp3 using Guid(aa28ed00af9f9c34284ac357b669222f) Importer(815301076,1909f56bfc062723c751e8b465ee728b)  -> (artifact id: 'e0804773ebb3414bb48b53ff20b6f1c7') in 0.009673 seconds
  Import took 0.013351 seconds .

========================================================================
Received Import Request.
  Time since last request: 0.000138 seconds.
  path: Assets/Sounds/RougeKnightAttack1.mp3
  artifactKey: Guid(b8bff3e329eb60e41b5b1225e1f90e42) Importer(815301076,1909f56bfc062723c751e8b465ee728b)
Start importing Assets/Sounds/RougeKnightAttack1.mp3 using Guid(b8bff3e329eb60e41b5b1225e1f90e42) Importer(815301076,1909f56bfc062723c751e8b465ee728b)  -> (artifact id: 'acd89da53b9fc5ae7023aaf2bfe6d55d') in 0.011318 seconds
  Import took 0.015356 seconds .

========================================================================
Received Import Request.
  Time since last request: 0.000163 seconds.
  path: Assets/Sounds/VaseBreak.mp3
  artifactKey: Guid(fdfffef4d1a53474abb7d353c5e76c27) Importer(815301076,1909f56bfc062723c751e8b465ee728b)
Start importing Assets/Sounds/VaseBreak.mp3 using Guid(fdfffef4d1a53474abb7d353c5e76c27) Importer(815301076,1909f56bfc062723c751e8b465ee728b)  -> (artifact id: '863f7fe45c49e6490a9c4deb7288ca2d') in 0.019950 seconds
  Import took 0.023568 seconds .

========================================================================
Received Import Request.
  Time since last request: 0.000162 seconds.
  path: Assets/Sounds/Background Music.mp3
  artifactKey: Guid(236f639a21db0df4381c8f0a1da55540) Importer(815301076,1909f56bfc062723c751e8b465ee728b)
Start importing Assets/Sounds/Background Music.mp3 using Guid(236f639a21db0df4381c8f0a1da55540) Importer(815301076,1909f56bfc062723c751e8b465ee728b)  -> (artifact id: '6b97fc7d536903dd3ce4f2b6eac0fbab') in 0.012322 seconds
  Import took 0.016294 seconds .

========================================================================
Received Prepare
Registering precompiled user dll's ...
Registered in 0.001702 seconds.
Begin MonoManager ReloadAssembly
Native extension for WindowsStandalone target not found
Native extension for WebGL target not found
Refreshing native plugins compatible for Editor in 0.91 ms, found 1 plugins.
Preloading 0 native plugins for Editor in 0.00 ms.
Mono: successfully reloaded assembly
- Completed reload, in  2.366 seconds
Platform modules already initialized, skipping
Refreshing native plugins compatible for Editor in 1.46 ms, found 1 plugins.
Preloading 0 native plugins for Editor in 0.00 ms.
Unloading 1877 Unused Serialized files (Serialized files now loaded: 0)
System memory in use before: 93.9 MB.
System memory in use after: 93.3 MB.

Unloading 25 unused Assets to reduce memory usage. Loaded Objects now: 2324.
Total: 5.533300 ms (FindLiveObjects: 1.193900 ms CreateObjectMapping: 0.589700 ms MarkObjects: 3.157700 ms  DeleteObjects: 0.589900 ms)

========================================================================
Received Prepare
Registering precompiled user dll's ...
Registered in 0.001817 seconds.
Begin MonoManager ReloadAssembly
Native extension for WindowsStandalone target not found
Native extension for WebGL target not found
Refreshing native plugins compatible for Editor in 1.35 ms, found 1 plugins.
Preloading 0 native plugins for Editor in 0.00 ms.
Mono: successfully reloaded assembly
- Completed reload, in  1.299 seconds
Platform modules already initialized, skipping
Refreshing native plugins compatible for Editor in 0.64 ms, found 1 plugins.
Preloading 0 native plugins for Editor in 0.00 ms.
Unloading 1877 Unused Serialized files (Serialized files now loaded: 0)
System memory in use before: 93.9 MB.
System memory in use after: 93.3 MB.

Unloading 25 unused Assets to reduce memory usage. Loaded Objects now: 2327.
Total: 2.096000 ms (FindLiveObjects: 0.367100 ms CreateObjectMapping: 0.123700 ms MarkObjects: 1.323700 ms  DeleteObjects: 0.280100 ms)

========================================================================
Received Prepare
Refreshing native plugins compatible for Editor in 2.07 ms, found 1 plugins.
Preloading 0 native plugins for Editor in 0.00 ms.
Unloading 23 Unused Serialized files (Serialized files now loaded: 0)
System memory in use before: 57.3 MB.
System memory in use after: 56.7 MB.

Unloading 22 unused Assets to reduce memory usage. Loaded Objects now: 2327.
Total: 2.032800 ms (FindLiveObjects: 0.152300 ms CreateObjectMapping: 0.078600 ms MarkObjects: 1.504200 ms  DeleteObjects: 0.296100 ms)

AssetImportWorkerClient::OnTransportError - code=2 error=End of file
